<?xml version="1.0" encoding="UTF-8"?>
<!-- Generated by org.testng.reporters.JUnitReportReporter -->
<testsuite hostname="lucent-PC" name="testCases.HybridExecuteTest" tests="12" failures="0" timestamp="27 Dec 2020 10:59:55 GMT" time="55.301" errors="0">
  <testcase name="testLogin" time="9.433" classname="testCases.HybridExecuteTest"/>
  <testcase name="testLogin" time="18.841" classname="testCases.HybridExecuteTest"/>
  <testcase name="testLogin" time="0.257" classname="testCases.HybridExecuteTest"/>
  <testcase name="testLogin" time="0.508" classname="testCases.HybridExecuteTest"/>
  <testcase name="testLogin" time="0.558" classname="testCases.HybridExecuteTest"/>
  <testcase name="testLogin" time="12.994" classname="testCases.HybridExecuteTest"/>
  <testcase name="testLogin" time="2.659" classname="testCases.HybridExecuteTest"/>
  <testcase name="testLogin" time="3.339" classname="testCases.HybridExecuteTest"/>
  <testcase name="testLogin" time="0.452" classname="testCases.HybridExecuteTest"/>
  <testcase name="testLogin" time="5.486" classname="testCases.HybridExecuteTest"/>
  <testcase name="testLogin" time="0.412" classname="testCases.HybridExecuteTest"/>
  <testcase name="testLogin" time="0.362" classname="testCases.HybridExecuteTest"/>
</testsuite> <!-- testCases.HybridExecuteTest -->
